<?xml version="1.0" encoding="UTF-8"?>
<!-- Generated by org.testng.reporters.JUnitReportReporter -->
<testsuite hostname="Vaidhehi" failures="0" tests="1" name="com.testNG.Report.Day7task3" time="5.246" errors="0" timestamp="2023-06-05T09:48:28 IST" skipped="0">
  <testcase classname="com.testNG.Report.Day7task3" name="f" time="5.246"/>
  <system-out/>
</testsuite> <!-- com.testNG.Report.Day7task3 -->
