<?xml version="1.0" encoding="UTF-8"?>
<!-- Generated by org.testng.reporters.JUnitReportReporter -->
<testsuite hostname="Vaidhehi" failures="0" tests="4" name="com.testNG.Report.Day7task2" time="0.022" errors="0" timestamp="2023-06-05T09:26:58 IST" skipped="0">
  <testcase classname="com.testNG.Report.Day7task2" name="subtract" time="0.001"/>
  <system-out/>
  <testcase classname="com.testNG.Report.Day7task2" name="add" time="0.018"/>
  <system-out/>
  <testcase classname="com.testNG.Report.Day7task2" name="multiply" time="0.002"/>
  <system-out/>
  <testcase classname="com.testNG.Report.Day7task2" name="divide" time="0.001"/>
  <system-out/>
</testsuite> <!-- com.testNG.Report.Day7task2 -->
