<?xml version="1.0" encoding="UTF-8"?>
<!-- Generated by org.testng.reporters.JUnitReportReporter -->
<testsuite hostname="Vaidhehi" failures="0" tests="1" name="com.testNG.Report.NewTest" time="0.433" errors="0" timestamp="2023-06-02T11:07:03 IST" skipped="0">
  <testcase classname="com.testNG.Report.NewTest" name="facebook" time="0.433"/>
  <system-out/>
</testsuite> <!-- com.testNG.Report.NewTest -->
